app/build/intermediates/manifest_merge_blame_file/debug/processDebugMainManifest/manifest-merger-blame-debug-report.txt
1<?xml version="1.0" encoding="utf-8"?>
2<manifest xmlns:android="http://schemas.android.com/apk/res/android"
3    package="com.vaultex.debug"
4    android:versionCode="1"
5    android:versionName="1.0.0" >
6
7    <uses-sdk
8        android:minSdkVersion="26"
9        android:targetSdkVersion="34" />
10
11    <!-- Permissions -->
12    <uses-permission android:name="android.permission.INTERNET" />
12-->src\main\AndroidManifest.xml:6:5-67
12-->src\main\AndroidManifest.xml:6:22-64
13    <uses-permission android:name="android.permission.ACCESS_NETWORK_STATE" />
13-->src\main\AndroidManifest.xml:7:5-79
13-->src\main\AndroidManifest.xml:7:22-76
14    <uses-permission android:name="android.permission.USE_BIOMETRIC" />
14-->src\main\AndroidManifest.xml:8:5-72
14-->src\main\AndroidManifest.xml:8:22-69
15    <uses-permission android:name="android.permission.USE_FINGERPRINT" />
15-->src\main\AndroidManifest.xml:9:5-74
15-->src\main\AndroidManifest.xml:9:22-71
16    <uses-permission android:name="android.permission.CAMERA" />
16-->src\main\AndroidManifest.xml:10:5-65
16-->src\main\AndroidManifest.xml:10:22-62
17    <uses-permission android:name="android.permission.VIBRATE" />
17-->src\main\AndroidManifest.xml:11:5-66
17-->src\main\AndroidManifest.xml:11:22-63
18    <uses-permission android:name="android.permission.POST_NOTIFICATIONS" />
18-->src\main\AndroidManifest.xml:12:5-77
18-->src\main\AndroidManifest.xml:12:22-74
19
20    <uses-feature
20-->src\main\AndroidManifest.xml:14:5-85
21        android:name="android.hardware.camera"
21-->src\main\AndroidManifest.xml:14:19-57
22        android:required="false" />
22-->src\main\AndroidManifest.xml:14:58-82
23    <uses-feature
23-->src\main\AndroidManifest.xml:15:5-90
24        android:name="android.hardware.fingerprint"
24-->src\main\AndroidManifest.xml:15:19-62
25        android:required="false" />
25-->src\main\AndroidManifest.xml:15:63-87
26
27    <uses-permission android:name="android.permission.WAKE_LOCK" /> <!-- Required by older versions of Google Play services to create IID tokens -->
27-->[com.google.firebase:firebase-messaging:23.4.1] AndroidManifest.xml:24:5-68
27-->[com.google.firebase:firebase-messaging:23.4.1] AndroidManifest.xml:24:22-65
28    <uses-permission android:name="com.google.android.c2dm.permission.RECEIVE" />
28-->[com.google.firebase:firebase-messaging:23.4.1] AndroidManifest.xml:26:5-82
28-->[com.google.firebase:firebase-messaging:23.4.1] AndroidManifest.xml:26:22-79
29    <uses-permission android:name="com.google.android.gms.permission.AD_ID" />
29-->[com.google.android.gms:play-services-measurement-api:21.5.1] AndroidManifest.xml:25:5-79
29-->[com.google.android.gms:play-services-measurement-api:21.5.1] AndroidManifest.xml:25:22-76
30    <uses-permission android:name="android.permission.ACCESS_ADSERVICES_ATTRIBUTION" />
30-->[com.google.android.gms:play-services-measurement-api:21.5.1] AndroidManifest.xml:26:5-88
30-->[com.google.android.gms:play-services-measurement-api:21.5.1] AndroidManifest.xml:26:22-85
31    <uses-permission android:name="android.permission.ACCESS_ADSERVICES_AD_ID" />
31-->[com.google.android.gms:play-services-measurement-api:21.5.1] AndroidManifest.xml:27:5-82
31-->[com.google.android.gms:play-services-measurement-api:21.5.1] AndroidManifest.xml:27:22-79
32    <uses-permission android:name="com.google.android.finsky.permission.BIND_GET_INSTALL_REFERRER_SERVICE" />
32-->[com.google.android.gms:play-services-measurement:21.5.1] AndroidManifest.xml:26:5-110
32-->[com.google.android.gms:play-services-measurement:21.5.1] AndroidManifest.xml:26:22-107
33
34    <permission
34-->[androidx.core:core:1.13.1] AndroidManifest.xml:22:5-24:47
35        android:name="com.vaultex.debug.DYNAMIC_RECEIVER_NOT_EXPORTED_PERMISSION"
35-->[androidx.core:core:1.13.1] AndroidManifest.xml:23:9-81
36        android:protectionLevel="signature" />
36-->[androidx.core:core:1.13.1] AndroidManifest.xml:24:9-44
37
38    <uses-permission android:name="com.vaultex.debug.DYNAMIC_RECEIVER_NOT_EXPORTED_PERMISSION" />
38-->[androidx.core:core:1.13.1] AndroidManifest.xml:26:5-97
38-->[androidx.core:core:1.13.1] AndroidManifest.xml:26:22-94
39
40    <application
40-->src\main\AndroidManifest.xml:17:5-60:19
41        android:name="com.vaultex.app.VaultExApplication"
41-->src\main\AndroidManifest.xml:18:9-47
42        android:allowBackup="false"
42-->src\main\AndroidManifest.xml:19:9-36
43        android:appComponentFactory="androidx.core.app.CoreComponentFactory"
43-->[androidx.core:core:1.13.1] AndroidManifest.xml:28:18-86
44        android:dataExtractionRules="@xml/data_extraction_rules"
44-->src\main\AndroidManifest.xml:20:9-65
45        android:debuggable="true"
46        android:enableOnBackInvokedCallback="true"
46-->src\main\AndroidManifest.xml:27:9-51
47        android:extractNativeLibs="false"
48        android:fullBackupContent="false"
48-->src\main\AndroidManifest.xml:21:9-42
49        android:icon="@mipmap/ic_launcher"
49-->src\main\AndroidManifest.xml:22:9-43
50        android:label="@string/app_name"
50-->src\main\AndroidManifest.xml:23:9-41
51        android:roundIcon="@mipmap/ic_launcher_round"
51-->src\main\AndroidManifest.xml:24:9-54
52        android:supportsRtl="true"
52-->src\main\AndroidManifest.xml:25:9-35
53        android:testOnly="true"
54        android:theme="@style/Theme.VaultEx" >
54-->src\main\AndroidManifest.xml:26:9-45
55        <activity
55-->src\main\AndroidManifest.xml:30:9-49:20
56            android:name="com.vaultex.app.MainActivity"
56-->src\main\AndroidManifest.xml:31:13-45
57            android:exported="true"
57-->src\main\AndroidManifest.xml:32:13-36
58            android:theme="@style/Theme.VaultEx.Splash"
58-->src\main\AndroidManifest.xml:34:13-56
59            android:windowSoftInputMode="adjustResize" >
59-->src\main\AndroidManifest.xml:33:13-55
60            <intent-filter>
60-->src\main\AndroidManifest.xml:35:13-38:29
61                <action android:name="android.intent.action.MAIN" />
61-->src\main\AndroidManifest.xml:36:17-69
61-->src\main\AndroidManifest.xml:36:25-66
62
63                <category android:name="android.intent.category.LAUNCHER" />
63-->src\main\AndroidManifest.xml:37:17-77
63-->src\main\AndroidManifest.xml:37:27-74
64            </intent-filter>
65
66            <!-- Deep links pour QR codes -->
67            <intent-filter android:autoVerify="false" >
67-->src\main\AndroidManifest.xml:41:13-48:29
67-->src\main\AndroidManifest.xml:41:28-54
68                <action android:name="android.intent.action.VIEW" />
68-->src\main\AndroidManifest.xml:42:17-69
68-->src\main\AndroidManifest.xml:42:25-66
69
70                <category android:name="android.intent.category.DEFAULT" />
70-->src\main\AndroidManifest.xml:43:17-76
70-->src\main\AndroidManifest.xml:43:27-73
71                <category android:name="android.intent.category.BROWSABLE" />
71-->src\main\AndroidManifest.xml:44:17-78
71-->src\main\AndroidManifest.xml:44:27-75
72
73                <data android:scheme="bitcoin" />
73-->src\main\AndroidManifest.xml:45:17-50
73-->src\main\AndroidManifest.xml:45:23-47
74                <data android:scheme="ethereum" />
74-->src\main\AndroidManifest.xml:45:17-50
74-->src\main\AndroidManifest.xml:45:23-47
75                <data android:scheme="vaultex" />
75-->src\main\AndroidManifest.xml:45:17-50
75-->src\main\AndroidManifest.xml:45:23-47
76            </intent-filter>
77        </activity>
78
79        <!-- Firebase Cloud Messaging -->
80        <service
80-->src\main\AndroidManifest.xml:52:9-58:19
81            android:name="com.vaultex.service.VaultExFcmService"
81-->src\main\AndroidManifest.xml:53:13-54
82            android:exported="false" >
82-->src\main\AndroidManifest.xml:54:13-37
83            <intent-filter>
83-->src\main\AndroidManifest.xml:55:13-57:29
84                <action android:name="com.google.firebase.MESSAGING_EVENT" />
84-->src\main\AndroidManifest.xml:56:17-78
84-->src\main\AndroidManifest.xml:56:25-75
85            </intent-filter>
86        </service>
87
88        <activity
88-->[io.github.g00fy2.quickie:quickie-bundled:1.10.0] AndroidManifest.xml:15:9-19:45
89            android:name="io.github.g00fy2.quickie.QRScannerActivity"
89-->[io.github.g00fy2.quickie:quickie-bundled:1.10.0] AndroidManifest.xml:16:13-70
90            android:screenOrientation="behind"
90-->[io.github.g00fy2.quickie:quickie-bundled:1.10.0] AndroidManifest.xml:17:13-47
91            android:theme="@style/QuickieScannerActivity" />
91-->[io.github.g00fy2.quickie:quickie-bundled:1.10.0] AndroidManifest.xml:18:13-58
92        <!--
93        Service for holding metadata. Cannot be instantiated.
94        Metadata will be merged from other manifests.
95        -->
96        <service
96-->[androidx.camera:camera-core:1.3.3] AndroidManifest.xml:29:9-33:78
97            android:name="androidx.camera.core.impl.MetadataHolderService"
97-->[androidx.camera:camera-core:1.3.3] AndroidManifest.xml:30:13-75
98            android:enabled="false"
98-->[androidx.camera:camera-core:1.3.3] AndroidManifest.xml:31:13-36
99            android:exported="false" >
99-->[androidx.camera:camera-core:1.3.3] AndroidManifest.xml:32:13-37
100            <meta-data
100-->[androidx.camera:camera-camera2:1.3.3] AndroidManifest.xml:30:13-32:89
101                android:name="androidx.camera.core.impl.MetadataHolderService.DEFAULT_CONFIG_PROVIDER"
101-->[androidx.camera:camera-camera2:1.3.3] AndroidManifest.xml:31:17-103
102                android:value="androidx.camera.camera2.Camera2Config$DefaultProvider" />
102-->[androidx.camera:camera-camera2:1.3.3] AndroidManifest.xml:32:17-86
103        </service>
104        <service
104-->[com.google.firebase:firebase-crashlytics-ktx:18.6.2] AndroidManifest.xml:21:9-27:19
105            android:name="com.google.firebase.components.ComponentDiscoveryService"
105-->[com.google.firebase:firebase-crashlytics-ktx:18.6.2] AndroidManifest.xml:22:13-84
106            android:directBootAware="true"
106-->[com.google.firebase:firebase-common:20.4.2] AndroidManifest.xml:32:13-43
107            android:exported="false" >
107-->[com.google.firebase:firebase-crashlytics-ktx:18.6.2] AndroidManifest.xml:23:13-37
108            <meta-data
108-->[com.google.firebase:firebase-crashlytics-ktx:18.6.2] AndroidManifest.xml:24:13-26:85
109                android:name="com.google.firebase.components:com.google.firebase.crashlytics.ktx.FirebaseCrashlyticsKtxRegistrar"
109-->[com.google.firebase:firebase-crashlytics-ktx:18.6.2] AndroidManifest.xml:25:17-130
110                android:value="com.google.firebase.components.ComponentRegistrar" />
110-->[com.google.firebase:firebase-crashlytics-ktx:18.6.2] AndroidManifest.xml:26:17-82
111            <meta-data
111-->[com.google.firebase:firebase-analytics-ktx:21.5.1] AndroidManifest.xml:11:13-13:85
112                android:name="com.google.firebase.components:com.google.firebase.analytics.ktx.FirebaseAnalyticsLegacyRegistrar"
112-->[com.google.firebase:firebase-analytics-ktx:21.5.1] AndroidManifest.xml:12:17-129
113                android:value="com.google.firebase.components.ComponentRegistrar" />
113-->[com.google.firebase:firebase-analytics-ktx:21.5.1] AndroidManifest.xml:13:17-82
114            <meta-data
114-->[com.google.firebase:firebase-messaging-ktx:23.4.1] AndroidManifest.xml:26:13-28:85
115                android:name="com.google.firebase.components:com.google.firebase.messaging.ktx.FirebaseMessagingLegacyRegistrar"
115-->[com.google.firebase:firebase-messaging-ktx:23.4.1] AndroidManifest.xml:27:17-129
116                android:value="com.google.firebase.components.ComponentRegistrar" />
116-->[com.google.firebase:firebase-messaging-ktx:23.4.1] AndroidManifest.xml:28:17-82
117            <meta-data
117-->[com.google.firebase:firebase-crashlytics:18.6.2] AndroidManifest.xml:15:13-17:85
118                android:name="com.google.firebase.components:com.google.firebase.crashlytics.FirebaseCrashlyticsKtxRegistrar"
118-->[com.google.firebase:firebase-crashlytics:18.6.2] AndroidManifest.xml:16:17-126
119                android:value="com.google.firebase.components.ComponentRegistrar" />
119-->[com.google.firebase:firebase-crashlytics:18.6.2] AndroidManifest.xml:17:17-82
120            <meta-data
120-->[com.google.firebase:firebase-crashlytics:18.6.2] AndroidManifest.xml:18:13-20:85
121                android:name="com.google.firebase.components:com.google.firebase.crashlytics.CrashlyticsRegistrar"
121-->[com.google.firebase:firebase-crashlytics:18.6.2] AndroidManifest.xml:19:17-115
122                android:value="com.google.firebase.components.ComponentRegistrar" />
122-->[com.google.firebase:firebase-crashlytics:18.6.2] AndroidManifest.xml:20:17-82
123            <meta-data
123-->[com.google.firebase:firebase-messaging:23.4.1] AndroidManifest.xml:57:13-59:85
124                android:name="com.google.firebase.components:com.google.firebase.messaging.FirebaseMessagingKtxRegistrar"
124-->[com.google.firebase:firebase-messaging:23.4.1] AndroidManifest.xml:58:17-122
125                android:value="com.google.firebase.components.ComponentRegistrar" />
125-->[com.google.firebase:firebase-messaging:23.4.1] AndroidManifest.xml:59:17-82
126            <meta-data
126-->[com.google.firebase:firebase-messaging:23.4.1] AndroidManifest.xml:60:13-62:85
127                android:name="com.google.firebase.components:com.google.firebase.messaging.FirebaseMessagingRegistrar"
127-->[com.google.firebase:firebase-messaging:23.4.1] AndroidManifest.xml:61:17-119
128                android:value="com.google.firebase.components.ComponentRegistrar" />
128-->[com.google.firebase:firebase-messaging:23.4.1] AndroidManifest.xml:62:17-82
129            <meta-data
129-->[com.google.firebase:firebase-sessions:1.2.1] AndroidManifest.xml:29:13-31:85
130                android:name="com.google.firebase.components:com.google.firebase.sessions.FirebaseSessionsRegistrar"
130-->[com.google.firebase:firebase-sessions:1.2.1] AndroidManifest.xml:30:17-117
131                android:value="com.google.firebase.components.ComponentRegistrar" />
131-->[com.google.firebase:firebase-sessions:1.2.1] AndroidManifest.xml:31:17-82
132            <meta-data
132-->[com.google.android.gms:play-services-measurement-api:21.5.1] AndroidManifest.xml:37:13-39:85
133                android:name="com.google.firebase.components:com.google.firebase.analytics.connector.internal.AnalyticsConnectorRegistrar"
133-->[com.google.android.gms:play-services-measurement-api:21.5.1] AndroidManifest.xml:38:17-139
134                android:value="com.google.firebase.components.ComponentRegistrar" />
134-->[com.google.android.gms:play-services-measurement-api:21.5.1] AndroidManifest.xml:39:17-82
135            <meta-data
135-->[com.google.firebase:firebase-installations:17.2.0] AndroidManifest.xml:15:13-17:85
136                android:name="com.google.firebase.components:com.google.firebase.installations.FirebaseInstallationsKtxRegistrar"
136-->[com.google.firebase:firebase-installations:17.2.0] AndroidManifest.xml:16:17-130
137                android:value="com.google.firebase.components.ComponentRegistrar" />
137-->[com.google.firebase:firebase-installations:17.2.0] AndroidManifest.xml:17:17-82
138            <meta-data
138-->[com.google.firebase:firebase-installations:17.2.0] AndroidManifest.xml:18:13-20:85
139                android:name="com.google.firebase.components:com.google.firebase.installations.FirebaseInstallationsRegistrar"
139-->[com.google.firebase:firebase-installations:17.2.0] AndroidManifest.xml:19:17-127
140                android:value="com.google.firebase.components.ComponentRegistrar" />
140-->[com.google.firebase:firebase-installations:17.2.0] AndroidManifest.xml:20:17-82
141            <meta-data
141-->[com.google.firebase:firebase-common-ktx:20.4.2] AndroidManifest.xml:12:13-14:85
142                android:name="com.google.firebase.components:com.google.firebase.ktx.FirebaseCommonLegacyRegistrar"
142-->[com.google.firebase:firebase-common-ktx:20.4.2] AndroidManifest.xml:13:17-116
143                android:value="com.google.firebase.components.ComponentRegistrar" />
143-->[com.google.firebase:firebase-common-ktx:20.4.2] AndroidManifest.xml:14:17-82
144            <meta-data
144-->[com.google.firebase:firebase-common:20.4.2] AndroidManifest.xml:35:13-37:85
145                android:name="com.google.firebase.components:com.google.firebase.FirebaseCommonKtxRegistrar"
145-->[com.google.firebase:firebase-common:20.4.2] AndroidManifest.xml:36:17-109
146                android:value="com.google.firebase.components.ComponentRegistrar" />
146-->[com.google.firebase:firebase-common:20.4.2] AndroidManifest.xml:37:17-82
147            <meta-data
147-->[com.google.firebase:firebase-datatransport:18.1.8] AndroidManifest.xml:27:13-29:85
148                android:name="com.google.firebase.components:com.google.firebase.datatransport.TransportRegistrar"
148-->[com.google.firebase:firebase-datatransport:18.1.8] AndroidManifest.xml:28:17-115
149                android:value="com.google.firebase.components.ComponentRegistrar" />
149-->[com.google.firebase:firebase-datatransport:18.1.8] AndroidManifest.xml:29:17-82
150        </service>
151
152        <receiver
152-->[com.google.firebase:firebase-messaging:23.4.1] AndroidManifest.xml:29:9-40:20
153            android:name="com.google.firebase.iid.FirebaseInstanceIdReceiver"
153-->[com.google.firebase:firebase-messaging:23.4.1] AndroidManifest.xml:30:13-78
154            android:exported="true"
154-->[com.google.firebase:firebase-messaging:23.4.1] AndroidManifest.xml:31:13-36
155            android:permission="com.google.android.c2dm.permission.SEND" >
155-->[com.google.firebase:firebase-messaging:23.4.1] AndroidManifest.xml:32:13-73
156            <intent-filter>
156-->[com.google.firebase:firebase-messaging:23.4.1] AndroidManifest.xml:33:13-35:29
157                <action android:name="com.google.android.c2dm.intent.RECEIVE" />
157-->[com.google.firebase:firebase-messaging:23.4.1] AndroidManifest.xml:34:17-81
157-->[com.google.firebase:firebase-messaging:23.4.1] AndroidManifest.xml:34:25-78
158            </intent-filter>
159
160            <meta-data
160-->[com.google.firebase:firebase-messaging:23.4.1] AndroidManifest.xml:37:13-39:40
161                android:name="com.google.android.gms.cloudmessaging.FINISHED_AFTER_HANDLED"
161-->[com.google.firebase:firebase-messaging:23.4.1] AndroidManifest.xml:38:17-92
162                android:value="true" />
162-->[com.google.firebase:firebase-messaging:23.4.1] AndroidManifest.xml:39:17-37
163        </receiver>
164        <!--
165             FirebaseMessagingService performs security checks at runtime,
166             but set to not exported to explicitly avoid allowing another app to call it.
167        -->
168        <service
168-->[com.google.firebase:firebase-messaging:23.4.1] AndroidManifest.xml:46:9-53:19
169            android:name="com.google.firebase.messaging.FirebaseMessagingService"
169-->[com.google.firebase:firebase-messaging:23.4.1] AndroidManifest.xml:47:13-82
170            android:directBootAware="true"
170-->[com.google.firebase:firebase-messaging:23.4.1] AndroidManifest.xml:48:13-43
171            android:exported="false" >
171-->[com.google.firebase:firebase-messaging:23.4.1] AndroidManifest.xml:49:13-37
172            <intent-filter android:priority="-500" >
172-->src\main\AndroidManifest.xml:55:13-57:29
173                <action android:name="com.google.firebase.MESSAGING_EVENT" />
173-->src\main\AndroidManifest.xml:56:17-78
173-->src\main\AndroidManifest.xml:56:25-75
174            </intent-filter>
175        </service>
176        <service
176-->[com.google.firebase:firebase-sessions:1.2.1] AndroidManifest.xml:22:9-25:40
177            android:name="com.google.firebase.sessions.SessionLifecycleService"
177-->[com.google.firebase:firebase-sessions:1.2.1] AndroidManifest.xml:23:13-80
178            android:enabled="true"
178-->[com.google.firebase:firebase-sessions:1.2.1] AndroidManifest.xml:24:13-35
179            android:exported="false" />
179-->[com.google.firebase:firebase-sessions:1.2.1] AndroidManifest.xml:25:13-37
180
181        <property
181-->[com.google.android.gms:play-services-measurement-api:21.5.1] AndroidManifest.xml:30:9-32:61
182            android:name="android.adservices.AD_SERVICES_CONFIG"
182-->[com.google.android.gms:play-services-measurement-api:21.5.1] AndroidManifest.xml:31:13-65
183            android:resource="@xml/ga_ad_services_config" />
183-->[com.google.android.gms:play-services-measurement-api:21.5.1] AndroidManifest.xml:32:13-58
184
185        <provider
185-->[com.google.firebase:firebase-common:20.4.2] AndroidManifest.xml:23:9-28:39
186            android:name="com.google.firebase.provider.FirebaseInitProvider"
186-->[com.google.firebase:firebase-common:20.4.2] AndroidManifest.xml:24:13-77
187            android:authorities="com.vaultex.debug.firebaseinitprovider"
187-->[com.google.firebase:firebase-common:20.4.2] AndroidManifest.xml:25:13-72
188            android:directBootAware="true"
188-->[com.google.firebase:firebase-common:20.4.2] AndroidManifest.xml:26:13-43
189            android:exported="false"
189-->[com.google.firebase:firebase-common:20.4.2] AndroidManifest.xml:27:13-37
190            android:initOrder="100" />
190-->[com.google.firebase:firebase-common:20.4.2] AndroidManifest.xml:28:13-36
191
192        <service
192-->[com.google.android.gms:play-services-mlkit-barcode-scanning:18.3.0] AndroidManifest.xml:9:9-15:19
193            android:name="com.google.mlkit.common.internal.MlKitComponentDiscoveryService"
193-->[com.google.android.gms:play-services-mlkit-barcode-scanning:18.3.0] AndroidManifest.xml:10:13-91
194            android:directBootAware="true"
194-->[com.google.mlkit:common:18.9.0] AndroidManifest.xml:17:13-43
195            android:exported="false" >
195-->[com.google.android.gms:play-services-mlkit-barcode-scanning:18.3.0] AndroidManifest.xml:11:13-37
196            <meta-data
196-->[com.google.android.gms:play-services-mlkit-barcode-scanning:18.3.0] AndroidManifest.xml:12:13-14:85
197                android:name="com.google.firebase.components:com.google.mlkit.vision.barcode.internal.BarcodeRegistrar"
197-->[com.google.android.gms:play-services-mlkit-barcode-scanning:18.3.0] AndroidManifest.xml:13:17-120
198                android:value="com.google.firebase.components.ComponentRegistrar" />
198-->[com.google.android.gms:play-services-mlkit-barcode-scanning:18.3.0] AndroidManifest.xml:14:17-82
199            <meta-data
199-->[com.google.mlkit:vision-common:17.3.0] AndroidManifest.xml:12:13-14:85
200                android:name="com.google.firebase.components:com.google.mlkit.vision.common.internal.VisionCommonRegistrar"
200-->[com.google.mlkit:vision-common:17.3.0] AndroidManifest.xml:13:17-124
201                android:value="com.google.firebase.components.ComponentRegistrar" />
201-->[com.google.mlkit:vision-common:17.3.0] AndroidManifest.xml:14:17-82
202            <meta-data
202-->[com.google.mlkit:common:18.9.0] AndroidManifest.xml:20:13-22:85
203                android:name="com.google.firebase.components:com.google.mlkit.common.internal.CommonComponentRegistrar"
203-->[com.google.mlkit:common:18.9.0] AndroidManifest.xml:21:17-120
204                android:value="com.google.firebase.components.ComponentRegistrar" />
204-->[com.google.mlkit:common:18.9.0] AndroidManifest.xml:22:17-82
205        </service>
206
207        <provider
207-->[com.google.mlkit:common:18.9.0] AndroidManifest.xml:9:9-13:38
208            android:name="com.google.mlkit.common.internal.MlKitInitProvider"
208-->[com.google.mlkit:common:18.9.0] AndroidManifest.xml:10:13-78
209            android:authorities="com.vaultex.debug.mlkitinitprovider"
209-->[com.google.mlkit:common:18.9.0] AndroidManifest.xml:11:13-69
210            android:exported="false"
210-->[com.google.mlkit:common:18.9.0] AndroidManifest.xml:12:13-37
211            android:initOrder="99" />
211-->[com.google.mlkit:common:18.9.0] AndroidManifest.xml:13:13-35
212
213        <service
213-->[androidx.room:room-runtime:2.6.1] AndroidManifest.xml:24:9-28:63
214            android:name="androidx.room.MultiInstanceInvalidationService"
214-->[androidx.room:room-runtime:2.6.1] AndroidManifest.xml:25:13-74
215            android:directBootAware="true"
215-->[androidx.room:room-runtime:2.6.1] AndroidManifest.xml:26:13-43
216            android:exported="false" />
216-->[androidx.room:room-runtime:2.6.1] AndroidManifest.xml:27:13-37
217
218        <receiver
218-->[com.google.android.gms:play-services-measurement:21.5.1] AndroidManifest.xml:29:9-33:20
219            android:name="com.google.android.gms.measurement.AppMeasurementReceiver"
219-->[com.google.android.gms:play-services-measurement:21.5.1] AndroidManifest.xml:30:13-85
220            android:enabled="true"
220-->[com.google.android.gms:play-services-measurement:21.5.1] AndroidManifest.xml:31:13-35
221            android:exported="false" >
221-->[com.google.android.gms:play-services-measurement:21.5.1] AndroidManifest.xml:32:13-37
222        </receiver>
223
224        <service
224-->[com.google.android.gms:play-services-measurement:21.5.1] AndroidManifest.xml:35:9-38:40
225            android:name="com.google.android.gms.measurement.AppMeasurementService"
225-->[com.google.android.gms:play-services-measurement:21.5.1] AndroidManifest.xml:36:13-84
226            android:enabled="true"
226-->[com.google.android.gms:play-services-measurement:21.5.1] AndroidManifest.xml:37:13-35
227            android:exported="false" />
227-->[com.google.android.gms:play-services-measurement:21.5.1] AndroidManifest.xml:38:13-37
228        <service
228-->[com.google.android.gms:play-services-measurement:21.5.1] AndroidManifest.xml:39:9-43:72
229            android:name="com.google.android.gms.measurement.AppMeasurementJobService"
229-->[com.google.android.gms:play-services-measurement:21.5.1] AndroidManifest.xml:40:13-87
230            android:enabled="true"
230-->[com.google.android.gms:play-services-measurement:21.5.1] AndroidManifest.xml:41:13-35
231            android:exported="false"
231-->[com.google.android.gms:play-services-measurement:21.5.1] AndroidManifest.xml:42:13-37
232            android:permission="android.permission.BIND_JOB_SERVICE" />
232-->[com.google.android.gms:play-services-measurement:21.5.1] AndroidManifest.xml:43:13-69
233
234        <provider
234-->[androidx.emoji2:emoji2:1.3.0] AndroidManifest.xml:24:9-32:20
235            android:name="androidx.startup.InitializationProvider"
235-->[androidx.emoji2:emoji2:1.3.0] AndroidManifest.xml:25:13-67
236            android:authorities="com.vaultex.debug.androidx-startup"
236-->[androidx.emoji2:emoji2:1.3.0] AndroidManifest.xml:26:13-68
237            android:exported="false" >
237-->[androidx.emoji2:emoji2:1.3.0] AndroidManifest.xml:27:13-37
238            <meta-data
238-->[androidx.emoji2:emoji2:1.3.0] AndroidManifest.xml:29:13-31:52
239                android:name="androidx.emoji2.text.EmojiCompatInitializer"
239-->[androidx.emoji2:emoji2:1.3.0] AndroidManifest.xml:30:17-75
240                android:value="androidx.startup" />
240-->[androidx.emoji2:emoji2:1.3.0] AndroidManifest.xml:31:17-49
241            <meta-data
241-->[androidx.lifecycle:lifecycle-process:2.7.0] AndroidManifest.xml:29:13-31:52
242                android:name="androidx.lifecycle.ProcessLifecycleInitializer"
242-->[androidx.lifecycle:lifecycle-process:2.7.0] AndroidManifest.xml:30:17-78
243                android:value="androidx.startup" />
243-->[androidx.lifecycle:lifecycle-process:2.7.0] AndroidManifest.xml:31:17-49
244            <meta-data
244-->[androidx.profileinstaller:profileinstaller:1.3.1] AndroidManifest.xml:29:13-31:52
245                android:name="androidx.profileinstaller.ProfileInstallerInitializer"
245-->[androidx.profileinstaller:profileinstaller:1.3.1] AndroidManifest.xml:30:17-85
246                android:value="androidx.startup" />
246-->[androidx.profileinstaller:profileinstaller:1.3.1] AndroidManifest.xml:31:17-49
247        </provider>
248
249        <uses-library
249-->[androidx.privacysandbox.ads:ads-adservices:1.0.0-beta05] AndroidManifest.xml:23:9-25:40
250            android:name="android.ext.adservices"
250-->[androidx.privacysandbox.ads:ads-adservices:1.0.0-beta05] AndroidManifest.xml:24:13-50
251            android:required="false" />
251-->[androidx.privacysandbox.ads:ads-adservices:1.0.0-beta05] AndroidManifest.xml:25:13-37
252
253        <activity
253-->[com.google.android.gms:play-services-base:18.1.0] AndroidManifest.xml:20:9-22:45
254            android:name="com.google.android.gms.common.api.GoogleApiActivity"
254-->[com.google.android.gms:play-services-base:18.1.0] AndroidManifest.xml:20:19-85
255            android:exported="false"
255-->[com.google.android.gms:play-services-base:18.1.0] AndroidManifest.xml:22:19-43
256            android:theme="@android:style/Theme.Translucent.NoTitleBar" />
256-->[com.google.android.gms:play-services-base:18.1.0] AndroidManifest.xml:21:19-78
257
258        <meta-data
258-->[com.google.android.gms:play-services-basement:18.1.0] AndroidManifest.xml:21:9-23:69
259            android:name="com.google.android.gms.version"
259-->[com.google.android.gms:play-services-basement:18.1.0] AndroidManifest.xml:22:13-58
260            android:value="@integer/google_play_services_version" />
260-->[com.google.android.gms:play-services-basement:18.1.0] AndroidManifest.xml:23:13-66
261
262        <service
262-->[com.google.android.datatransport:transport-backend-cct:3.1.9] AndroidManifest.xml:28:9-34:19
263            android:name="com.google.android.datatransport.runtime.backends.TransportBackendDiscovery"
263-->[com.google.android.datatransport:transport-backend-cct:3.1.9] AndroidManifest.xml:29:13-103
264            android:exported="false" >